<?xml version="1.0" encoding="UTF-8"?>
<!-- Generated by org.testng.reporters.JUnitReportReporter -->
<testsuite hostname="NCSIND9050D7QC0" failures="0" tests="3" name="com.ncs.Cucumber.ClassRunner" time="195.700" errors="0" timestamp="2024-04-10T17:07:42 IST" skipped="0">
  <testcase classname="com.ncs.Cucumber.ClassRunner" name="runScenario" time="41.182"/>
  <system-out/>
  <testcase classname="com.ncs.Cucumber.ClassRunner" name="runScenario" time="40.921"/>
  <system-out/>
  <testcase classname="com.ncs.Cucumber.ClassRunner" name="runScenario" time="113.597"/>
  <system-out/>
</testsuite> <!-- com.ncs.Cucumber.ClassRunner -->
