<?xml version="1.0" encoding="UTF-8"?>
<!-- Generated by org.testng.reporters.JUnitReportReporter -->
<testsuite hostname="NCSIND9050D7QC0" failures="0" tests="1" name="com.ncs.Tests.SearchTest1" time="26.986" errors="0" timestamp="2024-04-07T16:45:15 IST" skipped="0">
  <testcase classname="com.ncs.Tests.SearchTest1" name="testWeatherForCity" time="26.986"/>
  <system-out/>
</testsuite> <!-- com.ncs.Tests.SearchTest1 -->
