<?xml version="1.0" encoding="UTF-8"?>
<!-- Generated by org.testng.reporters.JUnitReportReporter -->
<testsuite hostname="NCSIND9050D7QC0" failures="0" tests="1" name="com.ncs.Tests.TOIButtonTest" time="39.052" errors="0" timestamp="2024-04-11T14:30:25 IST" skipped="0">
  <testcase classname="com.ncs.Tests.TOIButtonTest" name="testTOILink" time="39.052"/>
  <system-out/>
</testsuite> <!-- com.ncs.Tests.TOIButtonTest -->
