<?xml version="1.0" encoding="UTF-8"?>
<!-- Generated by org.testng.reporters.JUnitReportReporter -->
<testsuite hostname="NCSIND9050D7QC0" failures="0" tests="5" name="com.ncs.CapstoneProject_Weather.WeatherTest" time="120.323" errors="0" timestamp="2024-04-07T22:31:44 IST" skipped="1">
  <testcase classname="com.ncs.CapstoneProject_Weather.WeatherTest" name="testWeatherForCity" time="24.411"/>
  <system-out/>
  <testcase classname="com.ncs.CapstoneProject_Weather.WeatherTest" name="testSearchCityWithNegativeInputs" time="6.286"/>
  <system-out/>
  <testcase classname="com.ncs.CapstoneProject_Weather.WeatherTest" name="testWeatherTabAndWeatherDetails" time="47.235"/>
  <system-out/>
  <testcase classname="com.ncs.CapstoneProject_Weather.WeatherTest" name="testWeekendMonthlyWeatherTab" time="42.391"/>
  <system-out/>
  <testcase classname="com.ncs.CapstoneProject_Weather.WeatherTest" name="testWeatherForCityWithSpecialChar">
    <skipped/>
  </testcase> <!-- testWeatherForCityWithSpecialChar -->
  <system-out/>
</testsuite> <!-- com.ncs.CapstoneProject_Weather.WeatherTest -->
