<?xml version="1.0" encoding="UTF-8"?>
<!-- Generated by org.testng.reporters.JUnitReportReporter -->
<testsuite hostname="NCSIND9050D7QC0" failures="0" tests="1" name="com.ncs.Tests.APITest" time="32.462" errors="0" timestamp="2024-04-11T14:30:25 IST" skipped="0">
  <testcase classname="com.ncs.Tests.APITest" name="TestAPILink" time="32.462"/>
  <system-out/>
</testsuite> <!-- com.ncs.Tests.APITest -->
